Using pre-set license
Built from '2021.3/staging' branch; Version is '2021.3.11f1 (0a5ca18544bf) revision 679073'; Using compiler version '192829333'; Build Type 'Release'
OS: 'Windows 10  (10.0.19044) 64bit Professional' Language: 'ko' Physical Memory: 8126 MB
BatchMode: 1, IsHumanControllingUs: 0, StartBugReporterOnCrash: 0, Is64bit: 1, IsPro: 1

COMMAND LINE ARGUMENTS:
C:\Program Files\Unity\Hub\Editor\2021.3.11f1\Editor\Unity.exe
-adb2
-batchMode
-noUpm
-name
AssetImportWorker2
-projectPath
C:/Users/user/Documents/GitHub/Rythm_Game/Rythem-Game
-logFile
Logs/AssetImportWorker2.log
-srvPort
13144
Successfully changed project path to: C:/Users/user/Documents/GitHub/Rythm_Game/Rythem-Game
C:/Users/user/Documents/GitHub/Rythm_Game/Rythem-Game
[UnityMemory] Configuration Parameters - Can be set up in boot.config
    "memorysetup-bucket-allocator-granularity=16"
    "memorysetup-bucket-allocator-bucket-count=8"
    "memorysetup-bucket-allocator-block-size=33554432"
    "memorysetup-bucket-allocator-block-count=8"
    "memorysetup-main-allocator-block-size=16777216"
    "memorysetup-thread-allocator-block-size=16777216"
    "memorysetup-gfx-main-allocator-block-size=16777216"
    "memorysetup-gfx-thread-allocator-block-size=16777216"
    "memorysetup-cache-allocator-block-size=4194304"
    "memorysetup-typetree-allocator-block-size=2097152"
    "memorysetup-profiler-bucket-allocator-granularity=16"
    "memorysetup-profiler-bucket-allocator-bucket-count=8"
    "memorysetup-profiler-bucket-allocator-block-size=33554432"
    "memorysetup-profiler-bucket-allocator-block-count=8"
    "memorysetup-profiler-allocator-block-size=16777216"
    "memorysetup-profiler-editor-allocator-block-size=1048576"
    "memorysetup-temp-allocator-size-main=16777216"
    "memorysetup-job-temp-allocator-block-size=2097152"
    "memorysetup-job-temp-allocator-block-size-background=1048576"
    "memorysetup-job-temp-allocator-reduction-small-platforms=262144"
    "memorysetup-temp-allocator-size-background-worker=32768"
    "memorysetup-temp-allocator-size-job-worker=262144"
    "memorysetup-temp-allocator-size-preload-manager=33554432"
    "memorysetup-temp-allocator-size-nav-mesh-worker=65536"
    "memorysetup-temp-allocator-size-audio-worker=65536"
    "memorysetup-temp-allocator-size-cloud-worker=32768"
    "memorysetup-temp-allocator-size-gi-baking-worker=262144"
    "memorysetup-temp-allocator-size-gfx=262144"
Refreshing native plugins compatible for Editor in 169.49 ms, found 3 plugins.
Preloading 0 native plugins for Editor in 0.00 ms.
Initialize engine version: 2021.3.11f1 (0a5ca18544bf)
[Subsystems] Discovering subsystems at path C:/Program Files/Unity/Hub/Editor/2021.3.11f1/Editor/Data/Resources/UnitySubsystems
[Subsystems] Discovering subsystems at path C:/Users/user/Documents/GitHub/Rythm_Game/Rythem-Game/Assets
GfxDevice: creating device client; threaded=0; jobified=0
Direct3D:
    Version:  Direct3D 11.0 [level 11.1]
    Renderer: NVIDIA GeForce GTX 1050 (ID=0x1c81)
    Vendor:   NVIDIA
    VRAM:     1977 MB
    Driver:   31.0.15.1694
Initialize mono
Mono path[0] = 'C:/Program Files/Unity/Hub/Editor/2021.3.11f1/Editor/Data/Managed'
Mono path[1] = 'C:/Program Files/Unity/Hub/Editor/2021.3.11f1/Editor/Data/MonoBleedingEdge/lib/mono/unityjit-win32'
Mono config path = 'C:/Program Files/Unity/Hub/Editor/2021.3.11f1/Editor/Data/MonoBleedingEdge/etc'
Using monoOptions --debugger-agent=transport=dt_socket,embedding=1,server=y,suspend=n,address=127.0.0.1:56908
Begin MonoManager ReloadAssembly
Registering precompiled unity dll's ...
Register platform support module: C:/Program Files/Unity/Hub/Editor/2021.3.11f1/Editor/Data/PlaybackEngines/WindowsStandaloneSupport/UnityEditor.WindowsStandalone.Extensions.dll
Registered in 0.010541 seconds.
Native extension for WindowsStandalone target not found
Refreshing native plugins compatible for Editor in 214.29 ms, found 3 plugins.
Preloading 0 native plugins for Editor in 0.00 ms.
Mono: successfully reloaded assembly
- Completed reload, in  1.613 seconds
Domain Reload Profiling:
	ReloadAssembly (1614ms)
		BeginReloadAssembly (126ms)
			ExecutionOrderSort (0ms)
			DisableScriptedObjects (0ms)
			BackupInstance (0ms)
			ReleaseScriptingObjects (0ms)
			CreateAndSetChildDomain (1ms)
		EndReloadAssembly (1165ms)
			LoadAssemblies (123ms)
			RebuildTransferFunctionScriptingTraits (0ms)
			SetupTypeCache (329ms)
			ReleaseScriptCaches (0ms)
			RebuildScriptCaches (81ms)
			SetupLoadedEditorAssemblies (643ms)
				LogAssemblyErrors (0ms)
				InitializePlatformSupportModulesInManaged (12ms)
				SetLoadedEditorAssemblies (0ms)
				RefreshPlugins (214ms)
				BeforeProcessingInitializeOnLoad (6ms)
				ProcessInitializeOnLoadAttributes (319ms)
				ProcessInitializeOnLoadMethodAttributes (91ms)
				AfterProcessingInitializeOnLoad (0ms)
				EditorAssembliesLoaded (0ms)
			ExecutionOrderSort2 (0ms)
			AwakeInstancesAfterBackupRestoration (0ms)
Platform modules already initialized, skipping
Registering precompiled user dll's ...
Registered in 0.009011 seconds.
Begin MonoManager ReloadAssembly
Symbol file LoadedFromMemory doesn't match image C:\Users\user\Documents\GitHub\Rythm_Game\Rythem-Game\Library\PackageCache\com.unity.visualscripting@1.7.8\Editor\VisualScripting.Core\Dependencies\YamlDotNet\Unity.VisualScripting.YamlDotNet.dll
Symbol file LoadedFromMemory doesn't match image C:\Users\user\Documents\GitHub\Rythm_Game\Rythem-Game\Library\PackageCache\com.unity.visualscripting@1.7.8\Editor\VisualScripting.Core\Dependencies\DotNetZip\Unity.VisualScripting.IonicZip.dll
Native extension for WindowsStandalone target not found
Refreshing native plugins compatible for Editor in 0.82 ms, found 3 plugins.
Preloading 0 native plugins for Editor in 0.00 ms.
Mono: successfully reloaded assembly
- Completed reload, in  2.011 seconds
Domain Reload Profiling:
	ReloadAssembly (2012ms)
		BeginReloadAssembly (163ms)
			ExecutionOrderSort (0ms)
			DisableScriptedObjects (9ms)
			BackupInstance (0ms)
			ReleaseScriptingObjects (1ms)
			CreateAndSetChildDomain (27ms)
		EndReloadAssembly (1656ms)
			LoadAssemblies (148ms)
			RebuildTransferFunctionScriptingTraits (0ms)
			SetupTypeCache (470ms)
			ReleaseScriptCaches (2ms)
			RebuildScriptCaches (102ms)
			SetupLoadedEditorAssemblies (811ms)
				LogAssemblyErrors (0ms)
				InitializePlatformSupportModulesInManaged (10ms)
				SetLoadedEditorAssemblies (1ms)
				RefreshPlugins (1ms)
				BeforeProcessingInitializeOnLoad (170ms)
				ProcessInitializeOnLoadAttributes (552ms)
				ProcessInitializeOnLoadMethodAttributes (59ms)
				AfterProcessingInitializeOnLoad (18ms)
				EditorAssembliesLoaded (1ms)
			ExecutionOrderSort2 (0ms)
			AwakeInstancesAfterBackupRestoration (23ms)
Platform modules already initialized, skipping
========================================================================
Worker process is ready to serve import requests
Launched and connected shader compiler UnityShaderCompiler.exe after 0.07 seconds
Refreshing native plugins compatible for Editor in 1.22 ms, found 3 plugins.
Preloading 0 native plugins for Editor in 0.00 ms.
Unloading 3559 Unused Serialized files (Serialized files now loaded: 0)
Unloading 50 unused Assets / (113.8 KB). Loaded Objects now: 3994.
Memory consumption went from 120.9 MB to 120.8 MB.
Total: 4.411700 ms (FindLiveObjects: 0.427100 ms CreateObjectMapping: 0.170900 ms MarkObjects: 3.667900 ms  DeleteObjects: 0.144600 ms)

AssetImportParameters requested are different than current active one (requested -> active):
  custom:video-decoder-ogg-theora: a1e56fd34408186e4bbccfd4996cb3dc -> 
  custom:container-muxer-webm: aa71ff27fc2769a1b78a27578f13a17b -> 
  custom:container-demuxer-webm: 4f35f7cbe854078d1ac9338744f61a02 -> 
  custom:video-encoder-webm-vp8: eb34c28f22e8b96e1ab97ce403110664 -> 
  custom:audio-encoder-webm-vorbis: bf7c407c2cedff20999df2af8eb42d56 -> 
  custom:framework-win-MediaFoundation: 216162199b28c13a410421893ffa2e32 -> 
  custom:container-demuxer-ogg: 62fdf1f143b41e24485cea50d1cbac27 -> 
  custom:video-decoder-webm-vp8: 9c59270c3fd7afecdb556c50c9e8de78 -> 
  custom:audio-decoder-ogg-vorbis: bf7c407c2cedff20999df2af8eb42d56 -> 
========================================================================
Received Import Request.
  Time since last request: 15323.482114 seconds.
  path: Assets/Script/Manager/TextManager.cs
  artifactKey: Guid(df08f7f561328db48b8019ae86ed8c42) Importer(815301076,1909f56bfc062723c751e8b465ee728b)
Start importing Assets/Script/Manager/TextManager.cs using Guid(df08f7f561328db48b8019ae86ed8c42) Importer(815301076,1909f56bfc062723c751e8b465ee728b)  -> (artifact id: '5c83ac0445649004fafff1b2904cc297') in 0.058720 seconds 
========================================================================
Received Import Request.
  Time since last request: 93.620035 seconds.
  path: Assets/Script/Manager/TimingManager.cs
  artifactKey: Guid(9c4221ecfda837d4c804cd50de560215) Importer(815301076,1909f56bfc062723c751e8b465ee728b)
Start importing Assets/Script/Manager/TimingManager.cs using Guid(9c4221ecfda837d4c804cd50de560215) Importer(815301076,1909f56bfc062723c751e8b465ee728b)  -> (artifact id: 'ad0ef183e73fe18c3fa818eab85557d3') in 0.021660 seconds 
========================================================================
Received Import Request.
  Time since last request: 0.786682 seconds.
  path: Assets/Script/Manager/DestroyManager.cs
  artifactKey: Guid(e688cd07de9930146af7927049bc89c7) Importer(815301076,1909f56bfc062723c751e8b465ee728b)
Start importing Assets/Script/Manager/DestroyManager.cs using Guid(e688cd07de9930146af7927049bc89c7) Importer(815301076,1909f56bfc062723c751e8b465ee728b)  -> (artifact id: 'b59b20e044d5e4c3af6e6ed98ef8f530') in 0.008197 seconds 
========================================================================
Received Import Request.
  Time since last request: 0.572253 seconds.
  path: Assets/Script/Manager/NoteMaster.cs
  artifactKey: Guid(8f47ebcbcc6012d4485307181579b8a4) Importer(815301076,1909f56bfc062723c751e8b465ee728b)
Start importing Assets/Script/Manager/NoteMaster.cs using Guid(8f47ebcbcc6012d4485307181579b8a4) Importer(815301076,1909f56bfc062723c751e8b465ee728b)  -> (artifact id: '09b54b871f5e683982e708e554e08137') in 0.008268 seconds 
========================================================================
Received Prepare
Registering precompiled user dll's ...
Registered in 0.010386 seconds.
Begin MonoManager ReloadAssembly
Symbol file LoadedFromMemory doesn't match image C:\Users\user\Documents\GitHub\Rythm_Game\Rythem-Game\Library\PackageCache\com.unity.visualscripting@1.7.8\Editor\VisualScripting.Core\Dependencies\YamlDotNet\Unity.VisualScripting.YamlDotNet.dll
Symbol file LoadedFromMemory doesn't match image C:\Users\user\Documents\GitHub\Rythm_Game\Rythem-Game\Library\PackageCache\com.unity.visualscripting@1.7.8\Editor\VisualScripting.Core\Dependencies\DotNetZip\Unity.VisualScripting.IonicZip.dll
Native extension for WindowsStandalone target not found
Refreshing native plugins compatible for Editor in 0.88 ms, found 3 plugins.
Preloading 0 native plugins for Editor in 0.00 ms.
Mono: successfully reloaded assembly
- Completed reload, in  1.394 seconds
Domain Reload Profiling:
	ReloadAssembly (1395ms)
		BeginReloadAssembly (191ms)
			ExecutionOrderSort (0ms)
			DisableScriptedObjects (8ms)
			BackupInstance (0ms)
			ReleaseScriptingObjects (0ms)
			CreateAndSetChildDomain (50ms)
		EndReloadAssembly (1055ms)
			LoadAssemblies (138ms)
			RebuildTransferFunctionScriptingTraits (0ms)
			SetupTypeCache (371ms)
			ReleaseScriptCaches (2ms)
			RebuildScriptCaches (57ms)
			SetupLoadedEditorAssemblies (440ms)
				LogAssemblyErrors (0ms)
				InitializePlatformSupportModulesInManaged (21ms)
				SetLoadedEditorAssemblies (1ms)
				RefreshPlugins (1ms)
				BeforeProcessingInitializeOnLoad (93ms)
				ProcessInitializeOnLoadAttributes (273ms)
				ProcessInitializeOnLoadMethodAttributes (40ms)
				AfterProcessingInitializeOnLoad (11ms)
				EditorAssembliesLoaded (0ms)
			ExecutionOrderSort2 (0ms)
			AwakeInstancesAfterBackupRestoration (10ms)
Platform modules already initialized, skipping
Refreshing native plugins compatible for Editor in 5.32 ms, found 3 plugins.
Preloading 0 native plugins for Editor in 0.00 ms.
Unloading 3553 Unused Serialized files (Serialized files now loaded: 0)
Unloading 44 unused Assets / (80.2 KB). Loaded Objects now: 3996.
Memory consumption went from 120.8 MB to 120.8 MB.
Total: 82.634100 ms (FindLiveObjects: 0.568200 ms CreateObjectMapping: 0.192900 ms MarkObjects: 81.659400 ms  DeleteObjects: 0.211800 ms)

AssetImportParameters requested are different than current active one (requested -> active):
  custom:video-decoder-ogg-theora: a1e56fd34408186e4bbccfd4996cb3dc -> 
  custom:container-muxer-webm: aa71ff27fc2769a1b78a27578f13a17b -> 
  custom:container-demuxer-webm: 4f35f7cbe854078d1ac9338744f61a02 -> 
  custom:video-encoder-webm-vp8: eb34c28f22e8b96e1ab97ce403110664 -> 
  custom:audio-encoder-webm-vorbis: bf7c407c2cedff20999df2af8eb42d56 -> 
  custom:framework-win-MediaFoundation: 216162199b28c13a410421893ffa2e32 -> 
  custom:container-demuxer-ogg: 62fdf1f143b41e24485cea50d1cbac27 -> 
  custom:video-decoder-webm-vp8: 9c59270c3fd7afecdb556c50c9e8de78 -> 
  custom:audio-decoder-ogg-vorbis: bf7c407c2cedff20999df2af8eb42d56 -> 
========================================================================
Received Import Request.
  Time since last request: 101.966254 seconds.
  path: Assets/Script/Manager/Scene.cs
  artifactKey: Guid(106ac7bd6fee04b4a983579875d1945e) Importer(815301076,1909f56bfc062723c751e8b465ee728b)
Start importing Assets/Script/Manager/Scene.cs using Guid(106ac7bd6fee04b4a983579875d1945e) Importer(815301076,1909f56bfc062723c751e8b465ee728b)  -> (artifact id: '6cefd209c4c420950cca85a3ad8feba3') in 0.021920 seconds 
========================================================================
Received Import Request.
  Time since last request: 0.772035 seconds.
  path: Assets/Script/Manager/DataManager.cs
  artifactKey: Guid(b12f0c24ce19b494493d6af359b73aa0) Importer(815301076,1909f56bfc062723c751e8b465ee728b)
Start importing Assets/Script/Manager/DataManager.cs using Guid(b12f0c24ce19b494493d6af359b73aa0) Importer(815301076,1909f56bfc062723c751e8b465ee728b)  -> (artifact id: 'ae9d06f71206b2018a885e42fd058635') in 0.010150 seconds 
========================================================================
Received Import Request.
  Time since last request: 1.245621 seconds.
  path: Assets/Script/Note/NoteSpeed.cs
  artifactKey: Guid(bfe857c73ae3f2842853e9fb704c641e) Importer(815301076,1909f56bfc062723c751e8b465ee728b)
Start importing Assets/Script/Note/NoteSpeed.cs using Guid(bfe857c73ae3f2842853e9fb704c641e) Importer(815301076,1909f56bfc062723c751e8b465ee728b)  -> (artifact id: '597c23d73c4e31e93d2eec1e1190bb6d') in 0.015826 seconds 
========================================================================
Received Import Request.
  Time since last request: 133.492232 seconds.
  path: Assets/Script/Note/NoteSpeed.cs
  artifactKey: Guid(bfe857c73ae3f2842853e9fb704c641e) Importer(815301076,1909f56bfc062723c751e8b465ee728b)
Start importing Assets/Script/Note/NoteSpeed.cs using Guid(bfe857c73ae3f2842853e9fb704c641e) Importer(815301076,1909f56bfc062723c751e8b465ee728b)  -> (artifact id: '0537a7b4f592bd66611cf541cfbc3d69') in 0.015219 seconds 
========================================================================
Received Import Request.
  Time since last request: 8.554081 seconds.
  path: Assets/Script/Note/NoteSpeed.cs
  artifactKey: Guid(bfe857c73ae3f2842853e9fb704c641e) Importer(815301076,1909f56bfc062723c751e8b465ee728b)
Start importing Assets/Script/Note/NoteSpeed.cs using Guid(bfe857c73ae3f2842853e9fb704c641e) Importer(815301076,1909f56bfc062723c751e8b465ee728b)  -> (artifact id: '8c4cc02cc94a2929b59940c6d4a29591') in 0.006622 seconds 
========================================================================
Received Prepare
Registering precompiled user dll's ...
Registered in 0.007959 seconds.
Begin MonoManager ReloadAssembly
Symbol file LoadedFromMemory doesn't match image C:\Users\user\Documents\GitHub\Rythm_Game\Rythem-Game\Library\PackageCache\com.unity.visualscripting@1.7.8\Editor\VisualScripting.Core\Dependencies\YamlDotNet\Unity.VisualScripting.YamlDotNet.dll
Symbol file LoadedFromMemory doesn't match image C:\Users\user\Documents\GitHub\Rythm_Game\Rythem-Game\Library\PackageCache\com.unity.visualscripting@1.7.8\Editor\VisualScripting.Core\Dependencies\DotNetZip\Unity.VisualScripting.IonicZip.dll
Native extension for WindowsStandalone target not found
Refreshing native plugins compatible for Editor in 1.09 ms, found 3 plugins.
Preloading 0 native plugins for Editor in 0.00 ms.
Mono: successfully reloaded assembly
- Completed reload, in  1.616 seconds
Domain Reload Profiling:
	ReloadAssembly (1617ms)
		BeginReloadAssembly (202ms)
			ExecutionOrderSort (0ms)
			DisableScriptedObjects (9ms)
			BackupInstance (0ms)
			ReleaseScriptingObjects (0ms)
			CreateAndSetChildDomain (52ms)
		EndReloadAssembly (1263ms)
			LoadAssemblies (176ms)
			RebuildTransferFunctionScriptingTraits (0ms)
			SetupTypeCache (434ms)
			ReleaseScriptCaches (2ms)
			RebuildScriptCaches (57ms)
			SetupLoadedEditorAssemblies (506ms)
				LogAssemblyErrors (0ms)
				InitializePlatformSupportModulesInManaged (22ms)
				SetLoadedEditorAssemblies (1ms)
				RefreshPlugins (1ms)
				BeforeProcessingInitializeOnLoad (100ms)
				ProcessInitializeOnLoadAttributes (312ms)
				ProcessInitializeOnLoadMethodAttributes (60ms)
				AfterProcessingInitializeOnLoad (10ms)
				EditorAssembliesLoaded (0ms)
			ExecutionOrderSort2 (0ms)
			AwakeInstancesAfterBackupRestoration (14ms)
Platform modules already initialized, skipping
Refreshing native plugins compatible for Editor in 5.91 ms, found 3 plugins.
Preloading 0 native plugins for Editor in 0.00 ms.
Unloading 3553 Unused Serialized files (Serialized files now loaded: 0)
Unloading 43 unused Assets / (80.2 KB). Loaded Objects now: 3999.
Memory consumption went from 120.8 MB to 120.8 MB.
Total: 4.147300 ms (FindLiveObjects: 0.342400 ms CreateObjectMapping: 0.153500 ms MarkObjects: 3.508200 ms  DeleteObjects: 0.141800 ms)

AssetImportParameters requested are different than current active one (requested -> active):
  custom:video-decoder-ogg-theora: a1e56fd34408186e4bbccfd4996cb3dc -> 
  custom:container-muxer-webm: aa71ff27fc2769a1b78a27578f13a17b -> 
  custom:container-demuxer-webm: 4f35f7cbe854078d1ac9338744f61a02 -> 
  custom:video-encoder-webm-vp8: eb34c28f22e8b96e1ab97ce403110664 -> 
  custom:audio-encoder-webm-vorbis: bf7c407c2cedff20999df2af8eb42d56 -> 
  custom:framework-win-MediaFoundation: 216162199b28c13a410421893ffa2e32 -> 
  custom:container-demuxer-ogg: 62fdf1f143b41e24485cea50d1cbac27 -> 
  custom:video-decoder-webm-vp8: 9c59270c3fd7afecdb556c50c9e8de78 -> 
  custom:audio-decoder-ogg-vorbis: bf7c407c2cedff20999df2af8eb42d56 -> 
========================================================================
Received Prepare
Registering precompiled user dll's ...
Registered in 0.007548 seconds.
Begin MonoManager ReloadAssembly
Symbol file LoadedFromMemory doesn't match image C:\Users\user\Documents\GitHub\Rythm_Game\Rythem-Game\Library\PackageCache\com.unity.visualscripting@1.7.8\Editor\VisualScripting.Core\Dependencies\YamlDotNet\Unity.VisualScripting.YamlDotNet.dll
Symbol file LoadedFromMemory doesn't match image C:\Users\user\Documents\GitHub\Rythm_Game\Rythem-Game\Library\PackageCache\com.unity.visualscripting@1.7.8\Editor\VisualScripting.Core\Dependencies\DotNetZip\Unity.VisualScripting.IonicZip.dll
Native extension for WindowsStandalone target not found
Refreshing native plugins compatible for Editor in 1.30 ms, found 3 plugins.
Preloading 0 native plugins for Editor in 0.00 ms.
Mono: successfully reloaded assembly
- Completed reload, in  2.319 seconds
Domain Reload Profiling:
	ReloadAssembly (2321ms)
		BeginReloadAssembly (197ms)
			ExecutionOrderSort (0ms)
			DisableScriptedObjects (9ms)
			BackupInstance (0ms)
			ReleaseScriptingObjects (0ms)
			CreateAndSetChildDomain (49ms)
		EndReloadAssembly (1974ms)
			LoadAssemblies (213ms)
			RebuildTransferFunctionScriptingTraits (0ms)
			SetupTypeCache (634ms)
			ReleaseScriptCaches (4ms)
			RebuildScriptCaches (109ms)
			SetupLoadedEditorAssemblies (855ms)
				LogAssemblyErrors (0ms)
				InitializePlatformSupportModulesInManaged (30ms)
				SetLoadedEditorAssemblies (1ms)
				RefreshPlugins (1ms)
				BeforeProcessingInitializeOnLoad (246ms)
				ProcessInitializeOnLoadAttributes (491ms)
				ProcessInitializeOnLoadMethodAttributes (69ms)
				AfterProcessingInitializeOnLoad (18ms)
				EditorAssembliesLoaded (0ms)
			ExecutionOrderSort2 (0ms)
			AwakeInstancesAfterBackupRestoration (17ms)
Platform modules already initialized, skipping
Refreshing native plugins compatible for Editor in 6.91 ms, found 3 plugins.
Preloading 0 native plugins for Editor in 0.00 ms.
Unloading 3553 Unused Serialized files (Serialized files now loaded: 0)
Unloading 43 unused Assets / (80.1 KB). Loaded Objects now: 4002.
Memory consumption went from 120.9 MB to 120.8 MB.
Total: 4.279300 ms (FindLiveObjects: 0.445100 ms CreateObjectMapping: 0.218500 ms MarkObjects: 3.472700 ms  DeleteObjects: 0.141600 ms)

AssetImportParameters requested are different than current active one (requested -> active):
  custom:video-decoder-ogg-theora: a1e56fd34408186e4bbccfd4996cb3dc -> 
  custom:container-muxer-webm: aa71ff27fc2769a1b78a27578f13a17b -> 
  custom:container-demuxer-webm: 4f35f7cbe854078d1ac9338744f61a02 -> 
  custom:video-encoder-webm-vp8: eb34c28f22e8b96e1ab97ce403110664 -> 
  custom:audio-encoder-webm-vorbis: bf7c407c2cedff20999df2af8eb42d56 -> 
  custom:framework-win-MediaFoundation: 216162199b28c13a410421893ffa2e32 -> 
  custom:container-demuxer-ogg: 62fdf1f143b41e24485cea50d1cbac27 -> 
  custom:video-decoder-webm-vp8: 9c59270c3fd7afecdb556c50c9e8de78 -> 
  custom:audio-decoder-ogg-vorbis: bf7c407c2cedff20999df2af8eb42d56 -> 
========================================================================
Received Import Request.
  Time since last request: 393.175531 seconds.
  path: Assets/Prefab/Note1.prefab
  artifactKey: Guid(a7b41eab42c21b2458f29cacb1f04208) Importer(815301076,1909f56bfc062723c751e8b465ee728b)
Start importing Assets/Prefab/Note1.prefab using Guid(a7b41eab42c21b2458f29cacb1f04208) Importer(815301076,1909f56bfc062723c751e8b465ee728b)  -> (artifact id: 'c8ec44116e3aaee3055eeee1e23d0a09') in 0.069500 seconds 
========================================================================
Received Import Request.
  Time since last request: 5.321392 seconds.
  path: Assets/Prefab/Note2.prefab
  artifactKey: Guid(6face145715962c4b8818ae4f900a734) Importer(815301076,1909f56bfc062723c751e8b465ee728b)
Start importing Assets/Prefab/Note2.prefab using Guid(6face145715962c4b8818ae4f900a734) Importer(815301076,1909f56bfc062723c751e8b465ee728b)  -> (artifact id: 'f9393b3b3087b25f76573d62e557dccd') in 0.013195 seconds 
========================================================================
Received Import Request.
  Time since last request: 3.374703 seconds.
  path: Assets/Prefab/Note3.prefab
  artifactKey: Guid(bdb181ffd5e19c041a3de85ce29a75c7) Importer(815301076,1909f56bfc062723c751e8b465ee728b)
Start importing Assets/Prefab/Note3.prefab using Guid(bdb181ffd5e19c041a3de85ce29a75c7) Importer(815301076,1909f56bfc062723c751e8b465ee728b)  -> (artifact id: '8f19df72fdc1faca7a1afc870fa01d35') in 0.020334 seconds 
========================================================================
Received Import Request.
  Time since last request: 3.558922 seconds.
  path: Assets/Prefab/Note4.prefab
  artifactKey: Guid(468b46cf349ec5746b514357258670a9) Importer(815301076,1909f56bfc062723c751e8b465ee728b)
Start importing Assets/Prefab/Note4.prefab using Guid(468b46cf349ec5746b514357258670a9) Importer(815301076,1909f56bfc062723c751e8b465ee728b)  -> (artifact id: '45c25384b5a38147efbf92e9a55046f5') in 0.014710 seconds 
========================================================================
Received Import Request.
  Time since last request: 11.087944 seconds.
  path: Assets/Prefab/Note1 1.prefab
  artifactKey: Guid(d3469f036a34fa24287bcea86e3e5221) Importer(815301076,1909f56bfc062723c751e8b465ee728b)
Start importing Assets/Prefab/Note1 1.prefab using Guid(d3469f036a34fa24287bcea86e3e5221) Importer(815301076,1909f56bfc062723c751e8b465ee728b)  -> (artifact id: 'b1f6a32e68e230ab651a14ba976fad05') in 0.016108 seconds 
========================================================================
Received Import Request.
  Time since last request: 0.016059 seconds.
  path: Assets/Prefab/Note2 1.prefab
  artifactKey: Guid(fe4ffb85095e2e3419e8a79025d91c5f) Importer(815301076,1909f56bfc062723c751e8b465ee728b)
Start importing Assets/Prefab/Note2 1.prefab using Guid(fe4ffb85095e2e3419e8a79025d91c5f) Importer(815301076,1909f56bfc062723c751e8b465ee728b)  -> (artifact id: '3b83a3decca0199808c26c6610f75ff8') in 0.020111 seconds 
========================================================================
Received Import Request.
  Time since last request: 0.000027 seconds.
  path: Assets/Prefab/Note4 1.prefab
  artifactKey: Guid(0ea3049c0780a7d4fa6e0f1f2d73e15e) Importer(815301076,1909f56bfc062723c751e8b465ee728b)
Start importing Assets/Prefab/Note4 1.prefab using Guid(0ea3049c0780a7d4fa6e0f1f2d73e15e) Importer(815301076,1909f56bfc062723c751e8b465ee728b)  -> (artifact id: '13aec96401594731f6cf3095d6c43105') in 0.018086 seconds 
========================================================================
Received Import Request.
  Time since last request: 8.053837 seconds.
  path: Assets/Prefab/Long Note1.prefab
  artifactKey: Guid(d3469f036a34fa24287bcea86e3e5221) Importer(815301076,1909f56bfc062723c751e8b465ee728b)
Start importing Assets/Prefab/Long Note1.prefab using Guid(d3469f036a34fa24287bcea86e3e5221) Importer(815301076,1909f56bfc062723c751e8b465ee728b)  -> (artifact id: '0825132a3a3404a50cfdf17dd66bbb2e') in 0.017243 seconds 
========================================================================
Received Import Request.
  Time since last request: 6.656936 seconds.
  path: Assets/Prefab/Long Note2.prefab
  artifactKey: Guid(fe4ffb85095e2e3419e8a79025d91c5f) Importer(815301076,1909f56bfc062723c751e8b465ee728b)
Start importing Assets/Prefab/Long Note2.prefab using Guid(fe4ffb85095e2e3419e8a79025d91c5f) Importer(815301076,1909f56bfc062723c751e8b465ee728b)  -> (artifact id: 'e1ec8ed6323ae4032867dfa50bef1836') in 0.015646 seconds 
========================================================================
Received Import Request.
  Time since last request: 7.105192 seconds.
  path: Assets/Prefab/Long Note3.prefab
  artifactKey: Guid(98b34738a96d112429f84dbd9a5cbf89) Importer(815301076,1909f56bfc062723c751e8b465ee728b)
Start importing Assets/Prefab/Long Note3.prefab using Guid(98b34738a96d112429f84dbd9a5cbf89) Importer(815301076,1909f56bfc062723c751e8b465ee728b)  -> (artifact id: '5f255c9b4b11c7296f20ca9f4e55a7ef') in 0.015075 seconds 
========================================================================
Received Import Request.
  Time since last request: 7.727517 seconds.
  path: Assets/Prefab/Long Note4.prefab
  artifactKey: Guid(0ea3049c0780a7d4fa6e0f1f2d73e15e) Importer(815301076,1909f56bfc062723c751e8b465ee728b)
Start importing Assets/Prefab/Long Note4.prefab using Guid(0ea3049c0780a7d4fa6e0f1f2d73e15e) Importer(815301076,1909f56bfc062723c751e8b465ee728b)  -> (artifact id: 'c68fc4c3d18dd24a0482a4121e4277f3') in 0.020308 seconds 
========================================================================
Received Import Request.
  Time since last request: 429.464174 seconds.
  path: ProjectSettings/TagManager.asset
  artifactKey: Guid(00000000000000003000000000000000) Importer(815301076,1909f56bfc062723c751e8b465ee728b)
Start importing ProjectSettings/TagManager.asset using Guid(00000000000000003000000000000000) Importer(815301076,1909f56bfc062723c751e8b465ee728b)  -> (artifact id: '7d918c1c5286336226b658fdd37b88dc') in 0.014925 seconds 
========================================================================
Received Import Request.
  Time since last request: 11.184899 seconds.
  path: Assets/LoadMap/Testify LoadMap.prefab
  artifactKey: Guid(bb25ab67cd2fd7e49bf26d40650c3536) Importer(815301076,1909f56bfc062723c751e8b465ee728b)
Start importing Assets/LoadMap/Testify LoadMap.prefab using Guid(bb25ab67cd2fd7e49bf26d40650c3536) Importer(815301076,1909f56bfc062723c751e8b465ee728b)  -> (artifact id: '804bfa69008eae202c40d8dbf09e1ac5') in 0.007238 seconds 
========================================================================
Received Import Request.
  Time since last request: 6.284464 seconds.
  path: Assets/Prefab/Long Note1.prefab
  artifactKey: Guid(d3469f036a34fa24287bcea86e3e5221) Importer(815301076,1909f56bfc062723c751e8b465ee728b)
Start importing Assets/Prefab/Long Note1.prefab using Guid(d3469f036a34fa24287bcea86e3e5221) Importer(815301076,1909f56bfc062723c751e8b465ee728b)  -> (artifact id: '19ec5f9ca9e65fee8db84f8951c6fa24') in 0.009373 seconds 
========================================================================
Received Import Request.
  Time since last request: 0.012533 seconds.
  path: Assets/Prefab/Long Note2.prefab
  artifactKey: Guid(fe4ffb85095e2e3419e8a79025d91c5f) Importer(815301076,1909f56bfc062723c751e8b465ee728b)
Start importing Assets/Prefab/Long Note2.prefab using Guid(fe4ffb85095e2e3419e8a79025d91c5f) Importer(815301076,1909f56bfc062723c751e8b465ee728b)  -> (artifact id: '125458a18c98d9b30b787e39b602374f') in 0.014067 seconds 
========================================================================
Received Import Request.
  Time since last request: 0.000044 seconds.
  path: Assets/Prefab/Long Note4.prefab
  artifactKey: Guid(0ea3049c0780a7d4fa6e0f1f2d73e15e) Importer(815301076,1909f56bfc062723c751e8b465ee728b)
Start importing Assets/Prefab/Long Note4.prefab using Guid(0ea3049c0780a7d4fa6e0f1f2d73e15e) Importer(815301076,1909f56bfc062723c751e8b465ee728b)  -> (artifact id: 'a2d96906145e4499b5607b33d502ad77') in 0.017534 seconds 
========================================================================
Received Import Request.
  Time since last request: 4.015866 seconds.
  path: Assets/Prefab/Note2.prefab
  artifactKey: Guid(6face145715962c4b8818ae4f900a734) Importer(815301076,1909f56bfc062723c751e8b465ee728b)
Start importing Assets/Prefab/Note2.prefab using Guid(6face145715962c4b8818ae4f900a734) Importer(815301076,1909f56bfc062723c751e8b465ee728b)  -> (artifact id: '3f3c2299d09c8af4d432a9e816fd7ae9') in 0.010696 seconds 
========================================================================
Received Import Request.
  Time since last request: 0.022340 seconds.
  path: Assets/Prefab/Note1.prefab
  artifactKey: Guid(a7b41eab42c21b2458f29cacb1f04208) Importer(815301076,1909f56bfc062723c751e8b465ee728b)
Start importing Assets/Prefab/Note1.prefab using Guid(a7b41eab42c21b2458f29cacb1f04208) Importer(815301076,1909f56bfc062723c751e8b465ee728b)  -> (artifact id: '61d64f2cafb9f932610578a0de61742d') in 0.013694 seconds 
========================================================================
Received Import Request.
  Time since last request: 0.000026 seconds.
  path: Assets/Prefab/Note4.prefab
  artifactKey: Guid(468b46cf349ec5746b514357258670a9) Importer(815301076,1909f56bfc062723c751e8b465ee728b)
Start importing Assets/Prefab/Note4.prefab using Guid(468b46cf349ec5746b514357258670a9) Importer(815301076,1909f56bfc062723c751e8b465ee728b)  -> (artifact id: '0ed264d14575cee3753fe96edc73dfda') in 0.007615 seconds 
========================================================================
Received Prepare
Registering precompiled user dll's ...
Registered in 0.010941 seconds.
Begin MonoManager ReloadAssembly
Symbol file LoadedFromMemory doesn't match image C:\Users\user\Documents\GitHub\Rythm_Game\Rythem-Game\Library\PackageCache\com.unity.visualscripting@1.7.8\Editor\VisualScripting.Core\Dependencies\YamlDotNet\Unity.VisualScripting.YamlDotNet.dll
Symbol file LoadedFromMemory doesn't match image C:\Users\user\Documents\GitHub\Rythm_Game\Rythem-Game\Library\PackageCache\com.unity.visualscripting@1.7.8\Editor\VisualScripting.Core\Dependencies\DotNetZip\Unity.VisualScripting.IonicZip.dll
Native extension for WindowsStandalone target not found
Refreshing native plugins compatible for Editor in 1.14 ms, found 3 plugins.
Preloading 0 native plugins for Editor in 0.00 ms.
Mono: successfully reloaded assembly
- Completed reload, in  2.038 seconds
Domain Reload Profiling:
	ReloadAssembly (2039ms)
		BeginReloadAssembly (673ms)
			ExecutionOrderSort (0ms)
			DisableScriptedObjects (15ms)
			BackupInstance (0ms)
			ReleaseScriptingObjects (0ms)
			CreateAndSetChildDomain (143ms)
		EndReloadAssembly (1155ms)
			LoadAssemblies (472ms)
			RebuildTransferFunctionScriptingTraits (0ms)
			SetupTypeCache (399ms)
			ReleaseScriptCaches (3ms)
			RebuildScriptCaches (55ms)
			SetupLoadedEditorAssemblies (483ms)
				LogAssemblyErrors (0ms)
				InitializePlatformSupportModulesInManaged (18ms)
				SetLoadedEditorAssemblies (1ms)
				RefreshPlugins (1ms)
				BeforeProcessingInitializeOnLoad (110ms)
				ProcessInitializeOnLoadAttributes (298ms)
				ProcessInitializeOnLoadMethodAttributes (44ms)
				AfterProcessingInitializeOnLoad (10ms)
				EditorAssembliesLoaded (0ms)
			ExecutionOrderSort2 (0ms)
			AwakeInstancesAfterBackupRestoration (12ms)
Platform modules already initialized, skipping
Refreshing native plugins compatible for Editor in 9.77 ms, found 3 plugins.
Preloading 0 native plugins for Editor in 0.00 ms.
Unloading 3553 Unused Serialized files (Serialized files now loaded: 0)
Unloading 44 unused Assets / (80.1 KB). Loaded Objects now: 4006.
Memory consumption went from 121.0 MB to 120.9 MB.
Total: 5.913400 ms (FindLiveObjects: 0.639200 ms CreateObjectMapping: 0.985900 ms MarkObjects: 4.158400 ms  DeleteObjects: 0.128600 ms)

AssetImportParameters requested are different than current active one (requested -> active):
  custom:video-decoder-ogg-theora: a1e56fd34408186e4bbccfd4996cb3dc -> 
  custom:container-muxer-webm: aa71ff27fc2769a1b78a27578f13a17b -> 
  custom:container-demuxer-webm: 4f35f7cbe854078d1ac9338744f61a02 -> 
  custom:video-encoder-webm-vp8: eb34c28f22e8b96e1ab97ce403110664 -> 
  custom:audio-encoder-webm-vorbis: bf7c407c2cedff20999df2af8eb42d56 -> 
  custom:framework-win-MediaFoundation: 216162199b28c13a410421893ffa2e32 -> 
  custom:container-demuxer-ogg: 62fdf1f143b41e24485cea50d1cbac27 -> 
  custom:video-decoder-webm-vp8: 9c59270c3fd7afecdb556c50c9e8de78 -> 
  custom:audio-decoder-ogg-vorbis: bf7c407c2cedff20999df2af8eb42d56 -> 
========================================================================
Received Prepare
Registering precompiled user dll's ...
Registered in 0.011307 seconds.
Begin MonoManager ReloadAssembly
Symbol file LoadedFromMemory doesn't match image C:\Users\user\Documents\GitHub\Rythm_Game\Rythem-Game\Library\PackageCache\com.unity.visualscripting@1.7.8\Editor\VisualScripting.Core\Dependencies\YamlDotNet\Unity.VisualScripting.YamlDotNet.dll
Symbol file LoadedFromMemory doesn't match image C:\Users\user\Documents\GitHub\Rythm_Game\Rythem-Game\Library\PackageCache\com.unity.visualscripting@1.7.8\Editor\VisualScripting.Core\Dependencies\DotNetZip\Unity.VisualScripting.IonicZip.dll
Native extension for WindowsStandalone target not found
Refreshing native plugins compatible for Editor in 0.90 ms, found 3 plugins.
Preloading 0 native plugins for Editor in 0.00 ms.
Mono: successfully reloaded assembly
- Completed reload, in  1.649 seconds
Domain Reload Profiling:
	ReloadAssembly (1650ms)
		BeginReloadAssembly (214ms)
			ExecutionOrderSort (0ms)
			DisableScriptedObjects (8ms)
			BackupInstance (0ms)
			ReleaseScriptingObjects (0ms)
			CreateAndSetChildDomain (53ms)
		EndReloadAssembly (1292ms)
			LoadAssemblies (157ms)
			RebuildTransferFunctionScriptingTraits (0ms)
			SetupTypeCache (496ms)
			ReleaseScriptCaches (2ms)
			RebuildScriptCaches (60ms)
			SetupLoadedEditorAssemblies (537ms)
				LogAssemblyErrors (0ms)
				InitializePlatformSupportModulesInManaged (17ms)
				SetLoadedEditorAssemblies (1ms)
				RefreshPlugins (1ms)
				BeforeProcessingInitializeOnLoad (164ms)
				ProcessInitializeOnLoadAttributes (298ms)
				ProcessInitializeOnLoadMethodAttributes (43ms)
				AfterProcessingInitializeOnLoad (11ms)
				EditorAssembliesLoaded (0ms)
			ExecutionOrderSort2 (0ms)
			AwakeInstancesAfterBackupRestoration (12ms)
Platform modules already initialized, skipping
Refreshing native plugins compatible for Editor in 7.21 ms, found 3 plugins.
Preloading 0 native plugins for Editor in 0.00 ms.
Unloading 3553 Unused Serialized files (Serialized files now loaded: 0)
Unloading 43 unused Assets / (80.2 KB). Loaded Objects now: 4009.
Memory consumption went from 121.0 MB to 120.9 MB.
Total: 4.030300 ms (FindLiveObjects: 0.602200 ms CreateObjectMapping: 0.220300 ms MarkObjects: 3.094900 ms  DeleteObjects: 0.111700 ms)

AssetImportParameters requested are different than current active one (requested -> active):
  custom:video-decoder-ogg-theora: a1e56fd34408186e4bbccfd4996cb3dc -> 
  custom:container-muxer-webm: aa71ff27fc2769a1b78a27578f13a17b -> 
  custom:container-demuxer-webm: 4f35f7cbe854078d1ac9338744f61a02 -> 
  custom:video-encoder-webm-vp8: eb34c28f22e8b96e1ab97ce403110664 -> 
  custom:audio-encoder-webm-vorbis: bf7c407c2cedff20999df2af8eb42d56 -> 
  custom:framework-win-MediaFoundation: 216162199b28c13a410421893ffa2e32 -> 
  custom:container-demuxer-ogg: 62fdf1f143b41e24485cea50d1cbac27 -> 
  custom:video-decoder-webm-vp8: 9c59270c3fd7afecdb556c50c9e8de78 -> 
  custom:audio-decoder-ogg-vorbis: bf7c407c2cedff20999df2af8eb42d56 -> 
========================================================================
Received Prepare
Registering precompiled user dll's ...
Registered in 0.044048 seconds.
Begin MonoManager ReloadAssembly
Symbol file LoadedFromMemory doesn't match image C:\Users\user\Documents\GitHub\Rythm_Game\Rythem-Game\Library\PackageCache\com.unity.visualscripting@1.7.8\Editor\VisualScripting.Core\Dependencies\YamlDotNet\Unity.VisualScripting.YamlDotNet.dll
Symbol file LoadedFromMemory doesn't match image C:\Users\user\Documents\GitHub\Rythm_Game\Rythem-Game\Library\PackageCache\com.unity.visualscripting@1.7.8\Editor\VisualScripting.Core\Dependencies\DotNetZip\Unity.VisualScripting.IonicZip.dll
Native extension for WindowsStandalone target not found
Refreshing native plugins compatible for Editor in 1.37 ms, found 3 plugins.
Preloading 0 native plugins for Editor in 0.00 ms.
